=== LOG DE AUTOMATIZACIÓN ANA_DUARTE ===
Fecha de inicio: Sat Jul 12 19:53:27 -04 2025
========================================

[0;34m[2025-07-12 19:53:27] INFO:[0m Detectado WSL (Windows Subsystem for Linux)
[0;32m[2025-07-12 19:53:27][0m Iniciando actualización del sistema Ubuntu...
[0;34m[2025-07-12 19:53:27] INFO:[0m Actualizando lista de paquetes...
[0;34m[2025-07-12 19:53:36] INFO:[0m Actualizando paquetes instalados...
[0;34m[2025-07-12 20:54:50] INFO:[0m Instalando paquetes esenciales...
[0;32m[2025-07-12 20:54:57][0m Sistema actualizado correctamente
[0;32m[2025-07-12 20:54:57][0m Creando usuario ana_duarte...
[0;34m[2025-07-12 20:54:57] INFO:[0m Creando usuario ana_duarte con directorio home...
[0;34m[2025-07-12 20:54:57] INFO:[0m Estableciendo contraseña para ana_duarte...
[0;34m[2025-07-12 20:54:57] INFO:[0m Agregando ana_duarte a grupos del sistema...
[0;34m[2025-07-12 20:54:57] INFO:[0m Creando directorio de logs personalizado...
[0;32m[2025-07-12 20:54:57][0m Usuario ana_duarte creado exitosamente
[0;32m[2025-07-12 20:54:57][0m Configurando entorno para ana_duarte...
[0;34m[2025-07-12 20:54:57] INFO:[0m Creando archivos de configuración...
[0;32m[2025-07-12 20:54:57][0m Entorno de ana_duarte configurado correctamente
[0;32m[2025-07-12 20:54:57][0m Instalando herramientas adicionales...
[0;34m[2025-07-12 20:54:57] INFO:[0m Instalando herramientas de desarrollo...
[0;34m[2025-07-12 20:56:12] INFO:[0m Instalando herramientas de red...
[0;34m[2025-07-12 20:56:21] INFO:[0m Instalando herramientas de monitoreo...

=== CONFIGURACIÓN FINALIZADA ===
Fecha: Sat Jul 12 20:59:11 -03 2025
Usuario: ana_duarte
Contraseña: AnaDuarte2024!
Estado: CONFIGURACIÓN COMPLETA Y EXITOSA
Herramientas instaladas: build-essential, python3, nodejs, npm, net-tools, nmap, htop, iotop, sysstat, p7zip, unrar
Directorios creados: workspace, projects, documents, logs
