Script started on 2025-07-12 21:15:53-03:00 [COMMAND="bash /tmp/sesion_50_comandos_ana.sh" TERM="xterm-256color" TTY="/dev/pts/2" COLUMNS="103" LINES="16"]
README.txt  a3.txt  b3.txt	    c2.txt	  compile_me.c	  deleteme_3.txt  hello_executable
a1.txt	    b1.txt  bunch_of_files  c3.txt	  deleteme_1.txt  greeting1.txt   people.csv
a2.txt	    b2.txt  c1.txt	    challenge_20  deleteme_2.txt  greeting2.txt   redireccionar
Hola mundo
/mnt/z/ISO/ubuntu/challenges
total 0
-rwxrwxrwx 1 root root   22 Jul 12 21:15 2_hellos.txt
-rwxrwxrwx 1 root root   35 Jul 12 21:15 README.txt
-rwxrwxrwx 1 root root    0 Jul 12 21:12 a1.txt
-rwxrwxrwx 1 root root    0 Jul 12 21:12 a2.txt
-rwxrwxrwx 1 root root    0 Jul 12 21:12 a3.txt
-rwxrwxrwx 1 root root    0 Jul 12 21:12 b1.txt
-rwxrwxrwx 1 root root    0 Jul 12 21:12 b2.txt
-rwxrwxrwx 1 root root    0 Jul 12 21:12 b3.txt
drwxrwxrwx 1 root root 4096 Jul 12 21:15 bunch_of_files
-rwxrwxrwx 1 root root    0 Jul 12 21:12 c1.txt
-rwxrwxrwx 1 root root    0 Jul 12 21:12 c2.txt
-rwxrwxrwx 1 root root    0 Jul 12 21:12 c3.txt
-rwxrwxrwx 1 root root  107 Jul 12 21:15 challenge_20
-rwxrwxrwx 1 root root   98 Jul 12 21:15 compile_me.c
-rwxrwxrwx 1 root root   19 Jul 12 21:15 deleteme_1.txt
-rwxrwxrwx 1 root root   19 Jul 12 21:15 deleteme_2.txt
-rwxrwxrwx 1 root root   19 Jul 12 21:15 deleteme_3.txt
-rwxrwxrwx 1 root root    0 Jul 12 21:15 empty1.txt
-rwxrwxrwx 1 root root    0 Jul 12 21:15 empty2.txt
-rwxrwxrwx 1 root root   21 Jul 12 21:15 greeting1.txt
-rwxrwxrwx 1 root root   21 Jul 12 21:15 greeting2.txt
-rwxrwxrwx 1 root root   11 Jul 12 21:15 hello.txt
-rwxrwxrwx 1 root root   11 Jul 12 21:15 hello_copy.txt
-rwxrwxrwx 1 root root   49 Jul 12 21:15 hello_executable
-rwxrwxrwx 1 root root  104 Jul 12 21:15 people.csv
-rwxrwxrwx 1 root root   89 Jul 12 21:15 redireccionar
Hello World desde ana_duarte!
chmod: changing permissions of 'challenge_20': Operation not permitted
Challenge 20 ejecutado exitosamente
Este es un archivo de prueba para ana_duarte
Programa compilado exitosamente!
Sat Jul 12 21:15:53 -03 2025
USER         PID %CPU %MEM    VSZ   RSS TTY      STAT START   TIME COMMAND
root           1  0.0  0.1  22012 13452 ?        Ss   19:23   0:05 /usr/lib/systemd/systemd --system --
root           2  0.0  0.0   2776  1928 ?        Sl   19:23   0:00 /init
root           7  0.0  0.0   2792    68 ?        Sl   19:23   0:00 plan9 --control-socket 7 --log-level
root         171  0.0  0.0   4236  2716 ?        Ss   19:23   0:00 /usr/sbin/cron -f -P
message+     172  0.0  0.0   9904  5536 ?        Ss   19:23   0:01 @dbus-daemon --system --address=syst
root         179  0.0  0.1  17976  8528 ?        Ss   19:23   0:00 /usr/lib/systemd/systemd-logind
root         182  0.0  0.2 1756096 16144 ?       Ssl  19:23   0:01 /usr/libexec/wsl-pro-service -vv
root         197  0.0  0.0   3160  1104 hvc0     Ss+  19:23   0:00 /sbin/agetty -o -p -- \u --noclear -
root         207  0.0  0.0   3116  1104 tty1     Ss+  19:23   0:00 /sbin/agetty -o -p -- \u --noclear -
root         213  0.0  0.2 107012 22344 ?        Ssl  19:23   0:00 /usr/bin/python3 /usr/share/unattend
root         535  0.0  0.0   6820  4680 pts/1    Ss   19:28   0:00 /bin/login -f
steven       623  0.0  0.1  20036 10860 ?        Ss   19:28   0:00 /usr/lib/systemd/systemd --user --de
steven       624  0.0  0.0  21148  1728 ?        S    19:28   0:00 (sd-pam)
steven       637  0.0  0.0   6056  4904 pts/1    S+   19:28   0:00 -bash
polkitd     1242  0.0  0.0 308160  7892 ?        Ssl  19:36   0:00 /usr/lib/polkit-1/polkitd --no-debug
root        1940  0.0  0.0   2784   212 ?        Ss   19:44   0:00 /init
root        1941  0.0  0.0   2784   220 ?        S    19:44   0:00 /init
steven      1945  0.0  0.0   3144  1232 pts/3    Ss+  19:44   0:00 script -a stevenayala.log
steven      1946  0.0  0.0   6080  5212 pts/4    Ss+  19:44   0:00 bash -i
root        5168  0.0  0.2  66812 19756 ?        S<s  20:51   0:00 /usr/lib/systemd/systemd-journald
syslog      7751  0.0  0.0 222508  7100 ?        Ssl  20:52   0:00 /usr/sbin/rsyslogd -n -iNONE
systemd+    8322  0.0  0.0  91020  6540 ?        Ssl  20:52   0:00 /usr/lib/systemd/systemd-timesyncd
root        8372  0.0  0.0  23728  6020 ?        Ss   20:52   0:00 /usr/lib/systemd/systemd-udevd
systemd+    8668  0.0  0.1  21452 12268 ?        Ss   20:52   0:00 /usr/lib/systemd/systemd-resolved
root       16062  0.0  0.2 370084 20580 ?        Ssl  21:13   0:00 /usr/libexec/packagekitd
root       16355  0.0  0.0   2784   212 ?        Ss   21:15   0:00 /init
root       16357  0.0  0.0   2784   220 ?        S    21:15   0:00 /init
steven     16360  0.1  0.0   4752  3436 pts/0    Ss+  21:15   0:00 bash generar_logs_organicos_50_coman
root       16372  0.0  0.0  14320  7008 pts/0    S+   21:15   0:00 sudo -u ana_duarte script -q -c bash
root       16373  0.0  0.0  14320  1224 pts/2    Ss   21:15   0:00 sudo -u ana_duarte script -q -c bash
ana_dua+   16374  0.0  0.0   3144  1192 pts/2    S+   21:15   0:00 script -q -c bash /tmp/sesion_50_com
ana_dua+   16375  1.8  0.0   4752  3456 pts/5    Ss+  21:15   0:00 bash /tmp/sesion_50_comandos_ana.sh
ana_dua+   16398  0.0  0.0   8280  4072 pts/5    R+   21:15   0:00 ps aux
8
5.15.167.4-microsoft-standard-WSL2
bunch_of_files/needle.txt:You found the needle in the haystack!
nombre,apellido,edad
Josiah,Smith,30
Ana,Duarte,28
Maria,Gomez,25
Josiah,Johnson,22
Carlos,Rodriguez,35
nombre,apellido,edad
Josiah,Smith,30
Ana,Duarte,28
Maria,Gomez,25
Josiah,Johnson,22
Carlos,Rodriguez,35
1c1
< Hello from greeting1
---
> Hello from greeting2
Hola
¡mundo!
1+0 records in
1+0 records out
1048576 bytes (1.0 MB, 1.0 MiB) copied, 0.0185921 s, 56.4 MB/s
2+0 records in
2+0 records out
2097152 bytes (2.1 MB, 2.0 MiB) copied, 0.0381275 s, 55.0 MB/s
5 README.txt
Linea5
Linea4
Linea3
Linea2
Linea1
apellido
Smith
Duarte
Gomez
Johnson
Rodriguez
6
5
5
5

real	0m0.006s
user	0m0.006s
sys	0m0.003s
5

real	0m0.010s
user	0m0.004s
sys	0m0.004s
2
35
2
sed: preserving permissions for ‘bunch_of_files/sed1Z51Td’: Operation not permitted
sed: preserving permissions for ‘bunch_of_files/sedzpUqMD’: Operation not permitted
sed: preserving permissions for ‘bunch_of_files/sedoOlkNo’: Operation not permitted
sed: preserving permissions for ‘bunch_of_files/sedqyMAvD’: Operation not permitted
sed: preserving permissions for ‘bunch_of_files/sed0lDW8Z’: Operation not permitted
Building file list - Building file list \ Building file list | Building file list / Building file list - Progress [0/5] 0% Progress [1/5] 20% Progress [2/5] 40% Progress [3/5] 60% Progress [4/5] 80%                                         rm: cannot remove 'bunch_of_files': Is a directory

Script done on 2025-07-12 21:15:56-03:00 [COMMAND_EXIT_CODE="0"]
