Script started on 2025-07-12 21:07:29-03:00 [COMMAND="bash /tmp/sesion_organica_completa_ana.sh" TERM="xterm-256color" TTY="/dev/pts/6" COLUMNS="103" LINES="16"]
ana_duarte@ubuntu:~$ whoami
ana_duarte

ana_duarte@ubuntu:~$ pwd
/mnt/z/ISO/ubuntu

ana_duarte@ubuntu:~$ date
Sat Jul 12 21:07:29 -03 2025

ana_duarte@ubuntu:~$ uname -a
Linux stev 5.15.167.4-microsoft-standard-WSL2 #1 SMP Tue Nov 5 00:21:55 UTC 2024 x86_64 x86_64 x86_64 GNU/Linux

ana_duarte@ubuntu:~$ cd /home/ana_duarte

ana_duarte@ubuntu:~$ ls -la
total 48
drwxr-xr-x 7 ana_duarte ana_duarte 4096 Jul 12 21:03 .
drwxr-xr-x 4 root       root       4096 Jul 12 20:54 ..
-rw-r--r-- 1 ana_duarte ana_duarte  220 Mar 31  2024 .bash_logout
-rw-r--r-- 1 ana_duarte ana_duarte  863 Jul 12 20:58 .bashrc
drwxrwxr-x 3 ana_duarte ana_duarte 4096 Jul 12 21:03 .npm
-rw-r--r-- 1 ana_duarte ana_duarte  240 Jul 12 20:54 .profile
-rw-rw-r-- 1 ana_duarte ana_duarte  759 Jul 12 20:59 INFO_ANA_DUARTE.txt
drwxr-xr-x 2 ana_duarte ana_duarte 4096 Jul 12 20:58 documents
drwxr-xr-x 2 ana_duarte ana_duarte 4096 Jul 12 21:07 logs
drwxr-xr-x 2 ana_duarte ana_duarte 4096 Jul 12 20:58 projects
-rwxrwxr-x 1 ana_duarte ana_duarte  416 Jul 12 20:59 test_ana_duarte.sh
drwxr-xr-x 2 ana_duarte ana_duarte 4096 Jul 12 20:58 workspace

ana_duarte@ubuntu:~$ cd workspace

ana_duarte@ubuntu:~$ pwd
/home/ana_duarte/workspace

ana_duarte@ubuntu:~$ ls -la
total 8
drwxr-xr-x 2 ana_duarte ana_duarte 4096 Jul 12 20:58 .
drwxr-xr-x 7 ana_duarte ana_duarte 4096 Jul 12 21:03 ..

ana_duarte@ubuntu:~$ cd ..

ana_duarte@ubuntu:~$ cd projects

ana_duarte@ubuntu:~$ ls -la
total 8
drwxr-xr-x 2 ana_duarte ana_duarte 4096 Jul 12 20:58 .
drwxr-xr-x 7 ana_duarte ana_duarte 4096 Jul 12 21:03 ..

ana_duarte@ubuntu:~$ cd ..

ana_duarte@ubuntu:~$ which python3
/usr/bin/python3

ana_duarte@ubuntu:~$ python3 --version
Python 3.12.3

ana_duarte@ubuntu:~$ which nodejs
/usr/bin/nodejs

ana_duarte@ubuntu:~$ nodejs --version
v18.19.1

ana_duarte@ubuntu:~$ which npm
/usr/bin/npm

ana_duarte@ubuntu:~$ npm --version
9.2.0

ana_duarte@ubuntu:~$ which htop
/usr/bin/htop

ana_duarte@ubuntu:~$ which iotop
/usr/sbin/iotop

ana_duarte@ubuntu:~$ which 7z
/usr/bin/7z

ana_duarte@ubuntu:~$ which unrar
/usr/bin/unrar

ana_duarte@ubuntu:~$ cat /home/ana_duarte/INFO_ANA_DUARTE.txt
=== INFORMACIÓN DE USUARIO ANA_DUARTE ===

Usuario: ana_duarte
Contraseña: AnaDuarte2024!
Directorio home: /home/ana_duarte

COMANDOS ÚTILES:
- Para cambiar al usuario: su - ana_duarte
- Para logging automático: auto_logger
- Para ver logs: tail -f ana_duarte.log

DIRECTORIOS CREADOS:
- /home/ana_duarte/workspace/  (área de trabajo)
- /home/ana_duarte/projects/   (proyectos)
- /home/ana_duarte/documents/  (documentos)
- /home/ana_duarte/logs/       (logs de sesión)

HERRAMIENTAS INSTALADAS:
- Herramientas de desarrollo (build-essential, python3, nodejs, npm)
- Herramientas de red (net-tools, ping, traceroute, nmap)
- Herramientas de monitoreo (htop, iotop, sysstat)
- Herramientas de compresión (p7zip, unrar)

FECHA DE CONFIGURACIÓN: $(date)

ana_duarte@ubuntu:~$ df -h
Filesystem      Size  Used Avail Use% Mounted on
none            3.9G     0  3.9G   0% /usr/lib/modules/5.15.167.4-microsoft-standard-WSL2
none            3.9G  4.0K  3.9G   1% /mnt/wsl
drivers         237G  217G   20G  92% /usr/lib/wsl/drivers
/dev/sdc       1007G  2.2G  954G   1% /
none            3.9G   72K  3.9G   1% /mnt/wslg
none            3.9G     0  3.9G   0% /usr/lib/wsl/lib
rootfs          3.9G  2.4M  3.9G   1% /init
none            3.9G  496K  3.9G   1% /run
none            3.9G     0  3.9G   0% /run/lock
none            3.9G     0  3.9G   0% /run/shm
tmpfs           4.0M     0  4.0M   0% /sys/fs/cgroup
none            3.9G   76K  3.9G   1% /mnt/wslg/versions.txt
none            3.9G   76K  3.9G   1% /mnt/wslg/doc
C:\             237G  217G   20G  92% /mnt/c
Z:\             1.0T  791G  234G  78% /mnt/z
tmpfs           784M   16K  784M   1% /run/user/1000

ana_duarte@ubuntu:~$ free -h
               total        used        free      shared  buff/cache   available
Mem:           7.7Gi       622Mi       7.0Gi       3.0Mi       287Mi       7.0Gi
Swap:          2.0Gi          0B       2.0Gi

ana_duarte@ubuntu:~$ ps aux | head -10
USER         PID %CPU %MEM    VSZ   RSS TTY      STAT START   TIME COMMAND
root           1  0.0  0.1  22012 13452 ?        Ss   19:24   0:05 /usr/lib/systemd/systemd --system --deserialize=46
root           2  0.0  0.0   2776  1928 ?        Sl   19:24   0:00 /init
root           7  0.0  0.0   2792    68 ?        Sl   19:24   0:00 plan9 --control-socket 7 --log-level 4 --server-fd 8 --pipe-fd 10 --log-truncate
root         171  0.0  0.0   4236  2716 ?        Ss   19:24   0:00 /usr/sbin/cron -f -P
message+     172  0.0  0.0   9904  5536 ?        Ss   19:24   0:00 @dbus-daemon --system --address=systemd: --nofork --nopidfile --systemd-activation --syslog-only
root         179  0.0  0.1  17976  8528 ?        Ss   19:24   0:00 /usr/lib/systemd/systemd-logind
root         182  0.0  0.2 1756096 16144 ?       Ssl  19:24   0:01 /usr/libexec/wsl-pro-service -vv
root         197  0.0  0.0   3160  1104 hvc0     Ss+  19:24   0:00 /sbin/agetty -o -p -- \u --noclear --keep-baud - 115200,38400,9600 vt220
root         207  0.0  0.0   3116  1104 tty1     Ss+  19:24   0:00 /sbin/agetty -o -p -- \u --noclear - linux

ana_duarte@ubuntu:~$ nproc
8

ana_duarte@ubuntu:~$ uname -r
5.15.167.4-microsoft-standard-WSL2

ana_duarte@ubuntu:~$ ls -la /home/ana_duarte/logs/
total 24
drwxr-xr-x 2 ana_duarte ana_duarte  4096 Jul 12 21:07 .
drwxr-xr-x 7 ana_duarte ana_duarte  4096 Jul 12 21:03 ..
-rw-rw-r-- 1 ana_duarte ana_duarte 10689 Jul 12 21:03 ana_duarte_organico_20250712_210320.log
-rw-rw-r-- 1 ana_duarte ana_duarte  4096 Jul 12 21:07 ana_duarte_organico_completo_20250712_210729.log

ana_duarte@ubuntu:~$ mkdir -p /home/ana_duarte/workspace/test

ana_duarte@ubuntu:~$ cd /home/ana_duarte/workspace/test

ana_duarte@ubuntu:~$ pwd
/home/ana_duarte/workspace/test

ana_duarte@ubuntu:~$ echo 'Hola mundo desde ana_duarte' > test.txt

ana_duarte@ubuntu:~$ cat test.txt
Hola mundo desde ana_duarte

ana_duarte@ubuntu:~$ ls -la
total 12
drwxrwxr-x 2 ana_duarte ana_duarte 4096 Jul 12 21:07 .
drwxr-xr-x 3 ana_duarte ana_duarte 4096 Jul 12 21:07 ..
-rw-rw-r-- 1 ana_duarte ana_duarte   28 Jul 12 21:07 test.txt

ana_duarte@ubuntu:~$ cp test.txt test_copy.txt

ana_duarte@ubuntu:~$ ls -la
total 16
drwxrwxr-x 2 ana_duarte ana_duarte 4096 Jul 12 21:07 .
drwxr-xr-x 3 ana_duarte ana_duarte 4096 Jul 12 21:07 ..
-rw-rw-r-- 1 ana_duarte ana_duarte   28 Jul 12 21:07 test.txt
-rw-rw-r-- 1 ana_duarte ana_duarte   28 Jul 12 21:07 test_copy.txt

ana_duarte@ubuntu:~$ diff test.txt test_copy.txt

ana_duarte@ubuntu:~$ echo 'Segunda línea' >> test.txt

ana_duarte@ubuntu:~$ cat test.txt
Hola mundo desde ana_duarte
Segunda línea

ana_duarte@ubuntu:~$ diff test.txt test_copy.txt
2d1
< Segunda línea

ana_duarte@ubuntu:~$ mv test_copy.txt test_backup.txt

ana_duarte@ubuntu:~$ ls -la
total 16
drwxrwxr-x 2 ana_duarte ana_duarte 4096 Jul 12 21:07 .
drwxr-xr-x 3 ana_duarte ana_duarte 4096 Jul 12 21:07 ..
-rw-rw-r-- 1 ana_duarte ana_duarte   43 Jul 12 21:07 test.txt
-rw-rw-r-- 1 ana_duarte ana_duarte   28 Jul 12 21:07 test_backup.txt

ana_duarte@ubuntu:~$ rm test_backup.txt

ana_duarte@ubuntu:~$ ls -la
total 12
drwxrwxr-x 2 ana_duarte ana_duarte 4096 Jul 12 21:07 .
drwxr-xr-x 3 ana_duarte ana_duarte 4096 Jul 12 21:07 ..
-rw-rw-r-- 1 ana_duarte ana_duarte   43 Jul 12 21:07 test.txt

ana_duarte@ubuntu:~$ touch empty_file.txt

ana_duarte@ubuntu:~$ ls -la
total 12
drwxrwxr-x 2 ana_duarte ana_duarte 4096 Jul 12 21:07 .
drwxr-xr-x 3 ana_duarte ana_duarte 4096 Jul 12 21:07 ..
-rw-rw-r-- 1 ana_duarte ana_duarte    0 Jul 12 21:07 empty_file.txt
-rw-rw-r-- 1 ana_duarte ana_duarte   43 Jul 12 21:07 test.txt

ana_duarte@ubuntu:~$ > another_empty.txt

ana_duarte@ubuntu:~$ ls -la
total 12
drwxrwxr-x 2 ana_duarte ana_duarte 4096 Jul 12 21:07 .
drwxr-xr-x 3 ana_duarte ana_duarte 4096 Jul 12 21:07 ..
-rw-rw-r-- 1 ana_duarte ana_duarte    0 Jul 12 21:07 another_empty.txt
-rw-rw-r-- 1 ana_duarte ana_duarte    0 Jul 12 21:07 empty_file.txt
-rw-rw-r-- 1 ana_duarte ana_duarte   43 Jul 12 21:07 test.txt

ana_duarte@ubuntu:~$ cat test.txt empty_file.txt > combined.txt

ana_duarte@ubuntu:~$ cat combined.txt
Hola mundo desde ana_duarte
Segunda línea

ana_duarte@ubuntu:~$ wc -l combined.txt
2 combined.txt

ana_duarte@ubuntu:~$ wc -w combined.txt
6 combined.txt

ana_duarte@ubuntu:~$ wc -c combined.txt
43 combined.txt

ana_duarte@ubuntu:~$ head -1 combined.txt
Hola mundo desde ana_duarte

ana_duarte@ubuntu:~$ tail -1 combined.txt
Segunda línea

ana_duarte@ubuntu:~$ grep 'mundo' combined.txt
Hola mundo desde ana_duarte

ana_duarte@ubuntu:~$ grep -i 'segunda' combined.txt
Segunda línea

ana_duarte@ubuntu:~$ sort combined.txt
Hola mundo desde ana_duarte
Segunda línea

ana_duarte@ubuntu:~$ sort -r combined.txt
Segunda línea
Hola mundo desde ana_duarte

ana_duarte@ubuntu:~$ uniq combined.txt
Hola mundo desde ana_duarte
Segunda línea

ana_duarte@ubuntu:~$ cut -d' ' -f1 combined.txt
Hola
Segunda

ana_duarte@ubuntu:~$ tr ' ' '\n' < combined.txt
Hola
mundo
desde
ana_duarte
Segunda
línea

ana_duarte@ubuntu:~$ tr ' ' '\n' < combined.txt | sort
Hola
Segunda
ana_duarte
desde
línea
mundo

ana_duarte@ubuntu:~$ tr ' ' '\n' < combined.txt | sort | uniq
Hola
Segunda
ana_duarte
desde
línea
mundo

ana_duarte@ubuntu:~$ tr ' ' '\n' < combined.txt | sort | uniq -c
      1 Hola
      1 Segunda
      1 ana_duarte
      1 desde
      1 línea
      1 mundo

ana_duarte@ubuntu:~$ ls -la /home/ana_duarte/
total 48
drwxr-xr-x 7 ana_duarte ana_duarte 4096 Jul 12 21:03 .
drwxr-xr-x 4 root       root       4096 Jul 12 20:54 ..
-rw-r--r-- 1 ana_duarte ana_duarte  220 Mar 31  2024 .bash_logout
-rw-r--r-- 1 ana_duarte ana_duarte  863 Jul 12 20:58 .bashrc
drwxrwxr-x 3 ana_duarte ana_duarte 4096 Jul 12 21:03 .npm
-rw-r--r-- 1 ana_duarte ana_duarte  240 Jul 12 20:54 .profile
-rw-rw-r-- 1 ana_duarte ana_duarte  759 Jul 12 20:59 INFO_ANA_DUARTE.txt
drwxr-xr-x 2 ana_duarte ana_duarte 4096 Jul 12 20:58 documents
drwxr-xr-x 2 ana_duarte ana_duarte 4096 Jul 12 21:07 logs
drwxr-xr-x 2 ana_duarte ana_duarte 4096 Jul 12 20:58 projects
-rwxrwxr-x 1 ana_duarte ana_duarte  416 Jul 12 20:59 test_ana_duarte.sh
drwxr-xr-x 3 ana_duarte ana_duarte 4096 Jul 12 21:07 workspace

ana_duarte@ubuntu:~$ find /home/ana_duarte -name '*.txt'
/home/ana_duarte/INFO_ANA_DUARTE.txt
/home/ana_duarte/workspace/test/empty_file.txt
/home/ana_duarte/workspace/test/combined.txt
/home/ana_duarte/workspace/test/test.txt
/home/ana_duarte/workspace/test/another_empty.txt

ana_duarte@ubuntu:~$ find /home/ana_duarte -type f
/home/ana_duarte/.profile
/home/ana_duarte/INFO_ANA_DUARTE.txt
/home/ana_duarte/.npm/_logs/2025-07-13T00_07_30_790Z-debug-0.log
/home/ana_duarte/.npm/_logs/2025-07-13T00_03_22_420Z-debug-0.log
/home/ana_duarte/workspace/test/empty_file.txt
/home/ana_duarte/workspace/test/combined.txt
/home/ana_duarte/workspace/test/test.txt
/home/ana_duarte/workspace/test/another_empty.txt
/home/ana_duarte/.bash_logout
/home/ana_duarte/logs/ana_duarte_organico_20250712_210320.log
/home/ana_duarte/logs/ana_duarte_organico_completo_20250712_210729.log
/home/ana_duarte/test_ana_duarte.sh
/home/ana_duarte/.bashrc

ana_duarte@ubuntu:~$ find /home/ana_duarte -type d
/home/ana_duarte
/home/ana_duarte/.npm
/home/ana_duarte/.npm/_logs
/home/ana_duarte/workspace
/home/ana_duarte/workspace/test
/home/ana_duarte/projects
/home/ana_duarte/logs
/home/ana_duarte/documents

ana_duarte@ubuntu:~$ du -sh /home/ana_duarte
88K	/home/ana_duarte

ana_duarte@ubuntu:~$ du -sh /home/ana_duarte/*
4.0K	/home/ana_duarte/INFO_ANA_DUARTE.txt
4.0K	/home/ana_duarte/documents
24K	/home/ana_duarte/logs
4.0K	/home/ana_duarte/projects
4.0K	/home/ana_duarte/test_ana_duarte.sh
16K	/home/ana_duarte/workspace

ana_duarte@ubuntu:~$ history

ana_duarte@ubuntu:~$ exit

Script done on 2025-07-12 21:07:31-03:00 [COMMAND_EXIT_CODE="0"]
